<?xml version="1.0" encoding="utf-8" standalone="no"?>
<!--This file represents the results of running a test suite-->
<test-results name="E:\Hoc tap\Xay dung phan mem\toan8\10. Other(add-on)\FormDangNhap\UnitTestFormDangNhap\bin\Debug\UnitTestFormDangNhap.dll" total="1" errors="0" failures="1" not-run="0" inconclusive="0" ignored="0" skipped="0" invalid="0" date="2010-05-11" time="09:16:02">
  <environment nunit-version="2.5.5.10112" clr-version="2.0.50727.4927" os-version="Microsoft Windows NT 6.1.7600.0" platform="Win32NT" cwd="D:\Program Files\NUnit 2.5.5\bin\net-2.0" machine-name="MINHPC" user="Minh" user-domain="MinhPC" />
  <culture-info current-culture="en-US" current-uiculture="en-US" />
  <test-suite type="Assembly" name="E:\Hoc tap\Xay dung phan mem\toan8\10. Other(add-on)\FormDangNhap\UnitTestFormDangNhap\bin\Debug\UnitTestFormDangNhap.dll" executed="True" result="Failure" success="False" time="0.268" asserts="0">
    <results>
      <test-suite type="Namespace" name="UnitTestFormDangNhap" executed="True" result="Failure" success="False" time="0.259" asserts="0">
        <results>
          <test-suite type="TestFixture" name="FormDangNhapTest" executed="True" result="Failure" success="False" time="0.256" asserts="0">
            <results>
              <test-case name="UnitTestFormDangNhap.FormDangNhapTest.Test_BUS_LayMatKhauCuaTaiKhoan" executed="True" result="Failure" success="False" time="0.238" asserts="1">
                <failure>
                  <message><![CDATA[  Expected string length 6 but was 0. Strings differ at index 0.
  Expected: "pass_1"
  But was:  <string.Empty>
  -----------^
]]></message>
                  <stack-trace><![CDATA[at UnitTestFormDangNhap.FormDangNhapTest.Test_BUS_LayMatKhauCuaTaiKhoan() in E:\Hoc tap\Xay dung phan mem\toan8\10. Other(add-on)\FormDangNhap\UnitTestFormDangNhap\FormDangNhapTest.cs:line 61
]]></stack-trace>
                </failure>
              </test-case>
            </results>
          </test-suite>
        </results>
      </test-suite>
    </results>
  </test-suite>
</test-results>