<?xml version="1.0" encoding="utf-8" standalone="no"?>
<!--This file represents the results of running a test suite-->
<test-results name="D:\SoftwareContribution\toan8\6. Source Code\Source_BanFinal\MyUnitTest\bin\Debug\MyUnitTest.dll" total="2" errors="0" failures="0" not-run="0" inconclusive="0" ignored="0" skipped="0" invalid="0" date="2010-06-04" time="23:45:09">
  <environment nunit-version="2.5.5.10112" clr-version="2.0.50727.4927" os-version="Microsoft Windows NT 6.1.7600.0" platform="Win32NT" cwd="C:\Program Files\NUnit 2.5.5\bin\net-2.0" machine-name="PHUONGQUY" user="Lion" user-domain="PhuongQuy" />
  <culture-info current-culture="vi-VN" current-uiculture="en-US" />
  <test-suite type="Assembly" name="D:\SoftwareContribution\toan8\6. Source Code\Source_BanFinal\MyUnitTest\bin\Debug\MyUnitTest.dll" executed="True" result="Success" success="True" time="3.073" asserts="0">
    <results>
      <test-suite type="Namespace" name="MyUnitTest" executed="True" result="Success" success="True" time="3.068" asserts="0">
        <results>
          <test-suite type="TestFixture" name="UnitTestTracNghiem" executed="True" result="Success" success="True" time="3.065" asserts="0">
            <results>
              <test-case name="MyUnitTest.UnitTestTracNghiem.TesLayCauHoi" executed="True" result="Success" success="True" time="2.988" asserts="5" />
              <test-case name="MyUnitTest.UnitTestTracNghiem.TestChamDiem" executed="True" result="Success" success="True" time="0.068" asserts="3" />
            </results>
          </test-suite>
        </results>
      </test-suite>
    </results>
  </test-suite>
</test-results>